2017-05-15 00:28:21 DEBUG BaseReportFiller:147 - Fill 1: created for report name
2017-05-15 00:28:21 DEBUG BaseReportFiller:186 - created delayed actions 1 for filler 1
2017-05-15 00:28:21 DEBUG ExtensionsEnvironment:78 - Instantiating extensions registry class net.sf.jasperreports.extensions.DefaultExtensionsRegistry
2017-05-15 00:28:21 DEBUG DefaultExtensionsRegistry:135 - Loading registries for cache key sun.misc.Launcher$AppClassLoader@73d16e93
2017-05-15 00:28:21 DEBUG JRLoader:791 - Found resource jasperreports_extension.properties at jar:file:/C:/Users/zurdoju/.m2/repository/net/sf/jasperreports/jasperreports/6.3.1/jasperreports-6.3.1.jar!/jasperreports_extension.properties in classloader sun.misc.Launcher$AppClassLoader@73d16e93
2017-05-15 00:28:21 DEBUG DefaultExtensionsRegistry:167 - Loading JasperReports extension properties resource jar:file:/C:/Users/zurdoju/.m2/repository/net/sf/jasperreports/jasperreports/6.3.1/jasperreports-6.3.1.jar!/jasperreports_extension.properties
2017-05-15 00:28:21 DEBUG DefaultExtensionsRegistry:249 - Instantiating registry of type net.sf.jasperreports.components.headertoolbar.HeaderToolbarParameterContributorExtensionFactory for property net.sf.jasperreports.extension.registry.factory.header.toolbar.parameter.contributor
2017-05-15 00:28:21 DEBUG DefaultExtensionsRegistry:274 - Instantiating extensions registry for header.toolbar.parameter.contributor using factory class net.sf.jasperreports.components.headertoolbar.HeaderToolbarParameterContributorExtensionFactory
2017-05-15 00:28:21 DEBUG DefaultExtensionsRegistry:249 - Instantiating registry of type net.sf.jasperreports.types.date.DateRangeQueryClauseExtensions for property net.sf.jasperreports.extension.registry.factory.date.range.clause.functions
2017-05-15 00:28:21 DEBUG DefaultExtensionsRegistry:274 - Instantiating extensions registry for date.range.clause.functions using factory class net.sf.jasperreports.types.date.DateRangeQueryClauseExtensions
2017-05-15 00:28:21 DEBUG DefaultExtensionsRegistry:249 - Instantiating registry of type net.sf.jasperreports.repo.DefaultRepositoryExtensionsRegistryFactory for property net.sf.jasperreports.extension.registry.factory.repository
2017-05-15 00:28:21 DEBUG DefaultExtensionsRegistry:274 - Instantiating extensions registry for repository using factory class net.sf.jasperreports.repo.DefaultRepositoryExtensionsRegistryFactory
2017-05-15 00:28:21 DEBUG DefaultExtensionsRegistry:249 - Instantiating registry of type net.sf.jasperreports.parts.PartComponentsExtensionsRegistryFactory for property net.sf.jasperreports.extension.registry.factory.parts
2017-05-15 00:28:21 DEBUG DefaultExtensionsRegistry:274 - Instantiating extensions registry for parts using factory class net.sf.jasperreports.parts.PartComponentsExtensionsRegistryFactory
2017-05-15 00:28:21 DEBUG DefaultExtensionsRegistry:249 - Instantiating registry of type net.sf.jasperreports.web.util.ContentTypeMappingExtensionsRegistryFactory for property net.sf.jasperreports.extension.registry.factory.content.type.mapping
2017-05-15 00:28:21 DEBUG DefaultExtensionsRegistry:274 - Instantiating extensions registry for content.type.mapping using factory class net.sf.jasperreports.web.util.ContentTypeMappingExtensionsRegistryFactory
2017-05-15 00:28:21 DEBUG DefaultExtensionsRegistry:249 - Instantiating registry of type net.sf.jasperreports.engine.fonts.SimpleFontExtensionsRegistryFactory for property net.sf.jasperreports.extension.registry.factory.simple.font.families
2017-05-15 00:28:21 DEBUG DefaultExtensionsRegistry:274 - Instantiating extensions registry for simple.font.families using factory class net.sf.jasperreports.engine.fonts.SimpleFontExtensionsRegistryFactory
2017-05-15 00:28:21 DEBUG DefaultExtensionsRegistry:249 - Instantiating registry of type net.sf.jasperreports.data.DefaultDataAdapterServiceExtensionsRegistryFactory for property net.sf.jasperreports.extension.registry.factory.data.adapter.services
2017-05-15 00:28:21 DEBUG DefaultExtensionsRegistry:274 - Instantiating extensions registry for data.adapter.services using factory class net.sf.jasperreports.data.DefaultDataAdapterServiceExtensionsRegistryFactory
2017-05-15 00:28:21 DEBUG DefaultExtensionsRegistry:249 - Instantiating registry of type net.sf.jasperreports.web.util.WebResourceHandlersExtensionRegistryFactory for property net.sf.jasperreports.extension.registry.factory.jive.web.resource.handlers
2017-05-15 00:28:21 DEBUG DefaultExtensionsRegistry:274 - Instantiating extensions registry for jive.web.resource.handlers using factory class net.sf.jasperreports.web.util.WebResourceHandlersExtensionRegistryFactory
2017-05-15 00:28:21 DEBUG DefaultExtensionsRegistry:249 - Instantiating registry of type net.sf.jasperreports.util.CastorMappingExtensionsRegistryFactory for property net.sf.jasperreports.extension.registry.factory.castor.mapping
2017-05-15 00:28:21 DEBUG DefaultExtensionsRegistry:274 - Instantiating extensions registry for castor.mapping using factory class net.sf.jasperreports.util.CastorMappingExtensionsRegistryFactory
2017-05-15 00:28:21 DEBUG DefaultExtensionsRegistry:249 - Instantiating registry of type net.sf.jasperreports.engine.export.MatcherExportFilterMappingExtensionsRegistryFactory for property net.sf.jasperreports.extension.registry.factory.matcher.exporter.filter.mapping
2017-05-15 00:28:21 DEBUG DefaultExtensionsRegistry:274 - Instantiating extensions registry for matcher.exporter.filter.mapping using factory class net.sf.jasperreports.engine.export.MatcherExportFilterMappingExtensionsRegistryFactory
2017-05-15 00:28:21 DEBUG DefaultExtensionsRegistry:249 - Instantiating registry of type net.sf.jasperreports.governors.GovernorExtensionsRegistryFactory for property net.sf.jasperreports.extension.registry.factory.governor
2017-05-15 00:28:21 DEBUG DefaultExtensionsRegistry:274 - Instantiating extensions registry for governor using factory class net.sf.jasperreports.governors.GovernorExtensionsRegistryFactory
2017-05-15 00:28:21 DEBUG DefaultExtensionsRegistry:249 - Instantiating registry of type net.sf.jasperreports.web.util.RequirejsModuleMappingExtensionsRegistryFactory for property net.sf.jasperreports.extension.registry.factory.requirejs.module.mapping
2017-05-15 00:28:21 DEBUG DefaultExtensionsRegistry:274 - Instantiating extensions registry for requirejs.module.mapping using factory class net.sf.jasperreports.web.util.RequirejsModuleMappingExtensionsRegistryFactory
2017-05-15 00:28:21 DEBUG DefaultExtensionsRegistry:249 - Instantiating registry of type net.sf.jasperreports.engine.query.SQLQueryClauseFunctionsExtensions for property net.sf.jasperreports.extension.registry.factory.sql.clause.functions
2017-05-15 00:28:21 DEBUG DefaultExtensionsRegistry:274 - Instantiating extensions registry for sql.clause.functions using factory class net.sf.jasperreports.engine.query.SQLQueryClauseFunctionsExtensions
2017-05-15 00:28:21 DEBUG DefaultExtensionsRegistry:249 - Instantiating registry of type net.sf.jasperreports.data.DataAdapterParameterContributorExtensionsRegistryFactory for property net.sf.jasperreports.extension.registry.factory.parameter.contributor.data.adapter
2017-05-15 00:28:21 DEBUG DefaultExtensionsRegistry:274 - Instantiating extensions registry for parameter.contributor.data.adapter using factory class net.sf.jasperreports.data.DataAdapterParameterContributorExtensionsRegistryFactory
2017-05-15 00:28:21 DEBUG DefaultExtensionsRegistry:249 - Instantiating registry of type net.sf.jasperreports.engine.style.PropertyStyleProviderExtensionFactory for property net.sf.jasperreports.extension.registry.factory.property.style.provider
2017-05-15 00:28:21 DEBUG DefaultExtensionsRegistry:274 - Instantiating extensions registry for property.style.provider using factory class net.sf.jasperreports.engine.style.PropertyStyleProviderExtensionFactory
2017-05-15 00:28:21 DEBUG DefaultExtensionsRegistry:249 - Instantiating registry of type net.sf.jasperreports.web.util.JacksonMappingExtensionsRegistryFactory for property net.sf.jasperreports.extension.registry.factory.jackson.mapping
2017-05-15 00:28:21 DEBUG DefaultExtensionsRegistry:274 - Instantiating extensions registry for jackson.mapping using factory class net.sf.jasperreports.web.util.JacksonMappingExtensionsRegistryFactory
2017-05-15 00:28:21 DEBUG DefaultExtensionsRegistry:249 - Instantiating registry of type net.sf.jasperreports.extensions.DefaultExtensionsRegistryFactory for property net.sf.jasperreports.extension.registry.factory.default
2017-05-15 00:28:21 DEBUG DefaultExtensionsRegistry:274 - Instantiating extensions registry for default using factory class net.sf.jasperreports.extensions.DefaultExtensionsRegistryFactory
2017-05-15 00:28:21 DEBUG DefaultExtensionsRegistry:249 - Instantiating registry of type net.sf.jasperreports.components.ComponentsExtensionsRegistryFactory for property net.sf.jasperreports.extension.registry.factory.components
2017-05-15 00:28:21 DEBUG DefaultExtensionsRegistry:274 - Instantiating extensions registry for components using factory class net.sf.jasperreports.components.ComponentsExtensionsRegistryFactory
2017-05-15 00:28:21 DEBUG DefaultExtensionsRegistry:249 - Instantiating registry of type net.sf.jasperreports.components.headertoolbar.HeaderToolbarConditionalStyleProviderExtensionFactory for property net.sf.jasperreports.extension.registry.factory.header.toolbar.style.provider
2017-05-15 00:28:21 DEBUG DefaultExtensionsRegistry:274 - Instantiating extensions registry for header.toolbar.style.provider using factory class net.sf.jasperreports.components.headertoolbar.HeaderToolbarConditionalStyleProviderExtensionFactory
2017-05-15 00:28:21 DEBUG FontExtensionsRegistry:88 - Loading font extensions from net/sf/jasperreports/fonts/jasperreports-fonts.xml
2017-05-15 00:28:21 DEBUG SimpleFontExtensionHelper:290 - Parsing font family Pictonic
2017-05-15 00:28:21 DEBUG SimpleFontFace:177 - Loading font net/sf/jasperreports/fonts/pictonic/pictonic.ttf
2017-05-15 00:28:21 DEBUG JRFillBand:190 - Origin {reportName: null, groupName: null,bandType: BACKGROUND} for band 73377777
2017-05-15 00:28:21 DEBUG JRFillBand:190 - Origin {reportName: null, groupName: null,bandType: TITLE} for band 872061847
2017-05-15 00:28:21 DEBUG JRFillBand:190 - Origin {reportName: null, groupName: null,bandType: PAGE_HEADER} for band 126209564
2017-05-15 00:28:21 DEBUG JRFillBand:190 - Origin {reportName: null, groupName: null,bandType: COLUMN_HEADER} for band 544029181
2017-05-15 00:28:21 DEBUG JRFillObjectFactory:1396 - tracking dataset runs
2017-05-15 00:28:21 DEBUG JRFillDatasetRun:149 - init return values
2017-05-15 00:28:21 DEBUG JRFillObjectFactory:1409 - added tracked dataset run net.sf.jasperreports.components.list.FillDatasetRun@cb668cb
2017-05-15 00:28:21 DEBUG JRFillObjectFactory:1420 - poping tracked dataset runs
2017-05-15 00:28:21 DEBUG JRFillBand:190 - Origin {reportName: null, groupName: null,bandType: DETAIL} for band 1491177190
2017-05-15 00:28:21 DEBUG JRFillBand:190 - Origin {reportName: null, groupName: null,bandType: COLUMN_FOOTER} for band 1283681351
2017-05-15 00:28:21 DEBUG JRFillBand:190 - Origin {reportName: null, groupName: null,bandType: PAGE_FOOTER} for band 1739208877
2017-05-15 00:28:21 DEBUG JRFillBand:190 - Origin {reportName: null, groupName: null,bandType: SUMMARY} for band 310899369
2017-05-15 00:28:21 DEBUG JRVerticalFiller:101 - Filler 1 - pageHeight: 842, columnFooterOffsetY: 801, lastPageColumnFooterOffsetY: 822
2017-05-15 00:28:21 DEBUG JRBaseFiller:530 - Fill 1: filling report
2017-05-15 00:28:21 DEBUG JRBaseFiller:1234 - Fill 1: adding page 1
2017-05-15 00:28:21 DEBUG JRVerticalFiller:297 - Fill 1: title at 20
2017-05-15 00:28:21 DEBUG SimpleTextLineWrapper:303 - creating element font infos cache of size 2000
2017-05-15 00:28:21 DEBUG DeduplicableRegistry:84 - Added object net.sf.jasperreports.engine.fill.JRTemplateRectangle@1b1935b5
2017-05-15 00:28:21 DEBUG DeduplicableRegistry:91 - Found existing instance net.sf.jasperreports.engine.fill.JRTemplateRectangle@1b1935b5 for object net.sf.jasperreports.engine.fill.JRTemplateRectangle@76115b42
2017-05-15 00:28:21 DEBUG DeduplicableRegistry:84 - Added object net.sf.jasperreports.engine.fill.JRTemplateText@23a9d2ba
2017-05-15 00:28:21 DEBUG DeduplicableRegistry:84 - Added object net.sf.jasperreports.engine.fill.JRTemplateText@507bcd11
2017-05-15 00:28:21 DEBUG DeduplicableRegistry:84 - Added object net.sf.jasperreports.engine.fill.JRTemplateText@5ad87835
2017-05-15 00:28:21 DEBUG JRFillTextField:470 - created net.sf.jasperreports.engine.fill.JRTemplateText@5ad87835 for (null, {java.lang.Long, null,null,null,null})
2017-05-15 00:28:21 DEBUG DeduplicableRegistry:91 - Found existing instance net.sf.jasperreports.engine.fill.JRTemplateText@23a9d2ba for object net.sf.jasperreports.engine.fill.JRTemplateText@14627886
2017-05-15 00:28:21 DEBUG DeduplicableRegistry:84 - Added object net.sf.jasperreports.engine.fill.JRTemplateImage@3eb4caf0
2017-05-15 00:28:21 DEBUG DeduplicableRegistry:84 - Added object net.sf.jasperreports.engine.fill.JRTemplateText@5a620b47
2017-05-15 00:28:21 DEBUG JRFillTextField:470 - created net.sf.jasperreports.engine.fill.JRTemplateText@5a620b47 for (null, null)
2017-05-15 00:28:21 DEBUG DeduplicableRegistry:91 - Found existing instance net.sf.jasperreports.engine.fill.JRTemplateRectangle@1b1935b5 for object net.sf.jasperreports.engine.fill.JRTemplateRectangle@54db0094
2017-05-15 00:28:21 DEBUG DeduplicableRegistry:91 - Found existing instance net.sf.jasperreports.engine.fill.JRTemplateText@23a9d2ba for object net.sf.jasperreports.engine.fill.JRTemplateText@1fcc9b71
2017-05-15 00:28:21 DEBUG DeduplicableRegistry:91 - Found existing instance net.sf.jasperreports.engine.fill.JRTemplateText@5a620b47 for object net.sf.jasperreports.engine.fill.JRTemplateText@36b84d75
2017-05-15 00:28:21 DEBUG JRFillTextField:470 - created net.sf.jasperreports.engine.fill.JRTemplateText@5a620b47 for (null, null)
2017-05-15 00:28:21 DEBUG DelayedFillActions:227 - 1 running delayed actions on {type: BAND, group: null, band: 872061847}
2017-05-15 00:28:21 DEBUG JRVerticalFiller:373 - Fill 1: page header at 145
2017-05-15 00:28:21 DEBUG DelayedFillActions:227 - 1 running delayed actions on {type: BAND, group: null, band: 126209564}
2017-05-15 00:28:21 DEBUG JRVerticalFiller:455 - Fill 1: column header at 148
2017-05-15 00:28:21 DEBUG DelayedFillActions:227 - 1 running delayed actions on {type: BAND, group: null, band: 544029181}
2017-05-15 00:28:21 DEBUG JRVerticalFiller:701 - Fill 1: detail at 151
2017-05-15 00:28:21 DEBUG FillDatasetRun:97 - Evaluating list dataset run parameters
2017-05-15 00:28:21 DEBUG FillReturnValues:140 - saving return variables on band net.sf.jasperreports.engine.fill.JRFillBand@58e18ee6
2017-05-15 00:28:21 DEBUG DeduplicableRegistry:84 - Added object net.sf.jasperreports.engine.fill.JRTemplateFrame@66c5fcd0
2017-05-15 00:28:21 DEBUG VerticalFillList:88 - Starting list rendering
2017-05-15 00:28:21 DEBUG FillDatasetRun:144 - Starting list dataset iteration
2017-05-15 00:28:21 DEBUG BooleanConverter:353 - Setting default value: false
2017-05-15 00:28:21 DEBUG BooleanConverter:140 - Converting 'Boolean' value 'false' to type 'Boolean'
2017-05-15 00:28:21 DEBUG BooleanConverter:162 -     No conversion required, value is already a Boolean
2017-05-15 00:28:21 DEBUG ByteConverter:353 - Setting default value: 0
2017-05-15 00:28:21 DEBUG ByteConverter:140 - Converting 'Integer' value '0' to type 'Byte'
2017-05-15 00:28:21 DEBUG ByteConverter:171 -     Converted to Byte value '0'
2017-05-15 00:28:21 DEBUG CharacterConverter:353 - Setting default value:  
2017-05-15 00:28:21 DEBUG CharacterConverter:140 - Converting 'Character' value ' ' to type 'Character'
2017-05-15 00:28:21 DEBUG CharacterConverter:162 -     No conversion required, value is already a Character
2017-05-15 00:28:21 DEBUG DoubleConverter:353 - Setting default value: 0
2017-05-15 00:28:21 DEBUG DoubleConverter:140 - Converting 'Integer' value '0' to type 'Double'
2017-05-15 00:28:21 DEBUG DoubleConverter:171 -     Converted to Double value '0.0'
2017-05-15 00:28:21 DEBUG FloatConverter:353 - Setting default value: 0
2017-05-15 00:28:21 DEBUG FloatConverter:140 - Converting 'Integer' value '0' to type 'Float'
2017-05-15 00:28:21 DEBUG FloatConverter:171 -     Converted to Float value '0.0'
2017-05-15 00:28:21 DEBUG IntegerConverter:353 - Setting default value: 0
2017-05-15 00:28:21 DEBUG IntegerConverter:140 - Converting 'Integer' value '0' to type 'Integer'
2017-05-15 00:28:21 DEBUG IntegerConverter:162 -     No conversion required, value is already a Integer
2017-05-15 00:28:21 DEBUG LongConverter:353 - Setting default value: 0
2017-05-15 00:28:21 DEBUG LongConverter:140 - Converting 'Integer' value '0' to type 'Long'
2017-05-15 00:28:21 DEBUG LongConverter:171 -     Converted to Long value '0'
2017-05-15 00:28:21 DEBUG ShortConverter:353 - Setting default value: 0
2017-05-15 00:28:21 DEBUG ShortConverter:140 - Converting 'Integer' value '0' to type 'Short'
2017-05-15 00:28:21 DEBUG ShortConverter:171 -     Converted to Short value '0'
2017-05-15 00:28:21 DEBUG BigDecimalConverter:353 - Setting default value: 0.0
2017-05-15 00:28:21 DEBUG BigDecimalConverter:140 - Converting 'BigDecimal' value '0.0' to type 'BigDecimal'
2017-05-15 00:28:21 DEBUG BigDecimalConverter:162 -     No conversion required, value is already a BigDecimal
2017-05-15 00:28:21 DEBUG BigIntegerConverter:353 - Setting default value: 0
2017-05-15 00:28:21 DEBUG BigIntegerConverter:140 - Converting 'BigInteger' value '0' to type 'BigInteger'
2017-05-15 00:28:21 DEBUG BigIntegerConverter:162 -     No conversion required, value is already a BigInteger
2017-05-15 00:28:21 DEBUG BooleanConverter:353 - Setting default value: false
2017-05-15 00:28:21 DEBUG BooleanConverter:140 - Converting 'Boolean' value 'false' to type 'Boolean'
2017-05-15 00:28:21 DEBUG BooleanConverter:162 -     No conversion required, value is already a Boolean
2017-05-15 00:28:21 DEBUG ByteConverter:353 - Setting default value: 0
2017-05-15 00:28:21 DEBUG ByteConverter:140 - Converting 'Integer' value '0' to type 'Byte'
2017-05-15 00:28:21 DEBUG ByteConverter:171 -     Converted to Byte value '0'
2017-05-15 00:28:21 DEBUG CharacterConverter:353 - Setting default value:  
2017-05-15 00:28:21 DEBUG CharacterConverter:140 - Converting 'Character' value ' ' to type 'Character'
2017-05-15 00:28:21 DEBUG CharacterConverter:162 -     No conversion required, value is already a Character
2017-05-15 00:28:21 DEBUG DoubleConverter:353 - Setting default value: 0
2017-05-15 00:28:21 DEBUG DoubleConverter:140 - Converting 'Integer' value '0' to type 'Double'
2017-05-15 00:28:21 DEBUG DoubleConverter:171 -     Converted to Double value '0.0'
2017-05-15 00:28:21 DEBUG FloatConverter:353 - Setting default value: 0
2017-05-15 00:28:21 DEBUG FloatConverter:140 - Converting 'Integer' value '0' to type 'Float'
2017-05-15 00:28:21 DEBUG FloatConverter:171 -     Converted to Float value '0.0'
2017-05-15 00:28:21 DEBUG IntegerConverter:353 - Setting default value: 0
2017-05-15 00:28:21 DEBUG IntegerConverter:140 - Converting 'Integer' value '0' to type 'Integer'
2017-05-15 00:28:21 DEBUG IntegerConverter:162 -     No conversion required, value is already a Integer
2017-05-15 00:28:21 DEBUG LongConverter:353 - Setting default value: 0
2017-05-15 00:28:21 DEBUG LongConverter:140 - Converting 'Integer' value '0' to type 'Long'
2017-05-15 00:28:21 DEBUG LongConverter:171 -     Converted to Long value '0'
2017-05-15 00:28:21 DEBUG ShortConverter:353 - Setting default value: 0
2017-05-15 00:28:21 DEBUG ShortConverter:140 - Converting 'Integer' value '0' to type 'Short'
2017-05-15 00:28:21 DEBUG ShortConverter:171 -     Converted to Short value '0'
2017-05-15 00:28:21 DEBUG StringConverter:353 - Setting default value: 
2017-05-15 00:28:21 DEBUG StringConverter:140 - Converting 'String' value '' to type 'String'
2017-05-15 00:28:21 DEBUG ArrayConverter:353 - Setting default value: [Z@432511b
2017-05-15 00:28:21 DEBUG ArrayConverter:140 - Converting 'boolean[]' value '[Z@432511b' to type 'boolean[]'
2017-05-15 00:28:21 DEBUG ArrayConverter:162 -     No conversion required, value is already a boolean[]
2017-05-15 00:28:21 DEBUG ArrayConverter:353 - Setting default value: [B@5da164ea
2017-05-15 00:28:21 DEBUG ArrayConverter:140 - Converting 'byte[]' value '[B@5da164ea' to type 'byte[]'
2017-05-15 00:28:21 DEBUG ArrayConverter:162 -     No conversion required, value is already a byte[]
2017-05-15 00:28:21 DEBUG ArrayConverter:353 - Setting default value: [C@7799a0e3
2017-05-15 00:28:21 DEBUG ArrayConverter:140 - Converting 'char[]' value '[C@7799a0e3' to type 'char[]'
2017-05-15 00:28:21 DEBUG ArrayConverter:162 -     No conversion required, value is already a char[]
2017-05-15 00:28:21 DEBUG ArrayConverter:353 - Setting default value: [D@55864eb5
2017-05-15 00:28:21 DEBUG ArrayConverter:140 - Converting 'double[]' value '[D@55864eb5' to type 'double[]'
2017-05-15 00:28:21 DEBUG ArrayConverter:162 -     No conversion required, value is already a double[]
2017-05-15 00:28:21 DEBUG ArrayConverter:353 - Setting default value: [F@432a7797
2017-05-15 00:28:21 DEBUG ArrayConverter:140 - Converting 'float[]' value '[F@432a7797' to type 'float[]'
2017-05-15 00:28:21 DEBUG ArrayConverter:162 -     No conversion required, value is already a float[]
2017-05-15 00:28:21 DEBUG ArrayConverter:353 - Setting default value: [I@157acd2c
2017-05-15 00:28:21 DEBUG ArrayConverter:140 - Converting 'int[]' value '[I@157acd2c' to type 'int[]'
2017-05-15 00:28:21 DEBUG ArrayConverter:162 -     No conversion required, value is already a int[]
2017-05-15 00:28:21 DEBUG ArrayConverter:353 - Setting default value: [J@2fdef9d8
2017-05-15 00:28:21 DEBUG ArrayConverter:140 - Converting 'long[]' value '[J@2fdef9d8' to type 'long[]'
2017-05-15 00:28:21 DEBUG ArrayConverter:162 -     No conversion required, value is already a long[]
2017-05-15 00:28:21 DEBUG ArrayConverter:353 - Setting default value: [S@484af970
2017-05-15 00:28:21 DEBUG ArrayConverter:140 - Converting 'short[]' value '[S@484af970' to type 'short[]'
2017-05-15 00:28:21 DEBUG ArrayConverter:162 -     No conversion required, value is already a short[]
2017-05-15 00:28:21 DEBUG ArrayConverter:353 - Setting default value: [Ljava.math.BigDecimal;@58ccb921
2017-05-15 00:28:21 DEBUG ArrayConverter:140 - Converting 'BigDecimal[]' value '[Ljava.math.BigDecimal;@58ccb921' to type 'BigDecimal[]'
2017-05-15 00:28:21 DEBUG ArrayConverter:162 -     No conversion required, value is already a BigDecimal[]
2017-05-15 00:28:21 DEBUG ArrayConverter:353 - Setting default value: [Ljava.math.BigInteger;@43d4262b
2017-05-15 00:28:21 DEBUG ArrayConverter:140 - Converting 'BigInteger[]' value '[Ljava.math.BigInteger;@43d4262b' to type 'BigInteger[]'
2017-05-15 00:28:21 DEBUG ArrayConverter:162 -     No conversion required, value is already a BigInteger[]
2017-05-15 00:28:21 DEBUG ArrayConverter:353 - Setting default value: [Ljava.lang.Boolean;@61727951
2017-05-15 00:28:21 DEBUG ArrayConverter:140 - Converting 'Boolean[]' value '[Ljava.lang.Boolean;@61727951' to type 'Boolean[]'
2017-05-15 00:28:21 DEBUG ArrayConverter:162 -     No conversion required, value is already a Boolean[]
2017-05-15 00:28:21 DEBUG ArrayConverter:353 - Setting default value: [Ljava.lang.Byte;@78f74009
2017-05-15 00:28:21 DEBUG ArrayConverter:140 - Converting 'Byte[]' value '[Ljava.lang.Byte;@78f74009' to type 'Byte[]'
2017-05-15 00:28:21 DEBUG ArrayConverter:162 -     No conversion required, value is already a Byte[]
2017-05-15 00:28:21 DEBUG ArrayConverter:353 - Setting default value: [Ljava.lang.Character;@cff6a9
2017-05-15 00:28:21 DEBUG ArrayConverter:140 - Converting 'Character[]' value '[Ljava.lang.Character;@cff6a9' to type 'Character[]'
2017-05-15 00:28:21 DEBUG ArrayConverter:162 -     No conversion required, value is already a Character[]
2017-05-15 00:28:21 DEBUG ArrayConverter:353 - Setting default value: [Ljava.lang.Double;@5e566267
2017-05-15 00:28:21 DEBUG ArrayConverter:140 - Converting 'Double[]' value '[Ljava.lang.Double;@5e566267' to type 'Double[]'
2017-05-15 00:28:21 DEBUG ArrayConverter:162 -     No conversion required, value is already a Double[]
2017-05-15 00:28:21 DEBUG ArrayConverter:353 - Setting default value: [Ljava.lang.Float;@7e035b2a
2017-05-15 00:28:21 DEBUG ArrayConverter:140 - Converting 'Float[]' value '[Ljava.lang.Float;@7e035b2a' to type 'Float[]'
2017-05-15 00:28:21 DEBUG ArrayConverter:162 -     No conversion required, value is already a Float[]
2017-05-15 00:28:21 DEBUG ArrayConverter:353 - Setting default value: [Ljava.lang.Integer;@133f9eb1
2017-05-15 00:28:21 DEBUG ArrayConverter:140 - Converting 'Integer[]' value '[Ljava.lang.Integer;@133f9eb1' to type 'Integer[]'
2017-05-15 00:28:21 DEBUG ArrayConverter:162 -     No conversion required, value is already a Integer[]
2017-05-15 00:28:21 DEBUG ArrayConverter:353 - Setting default value: [Ljava.lang.Long;@424ac0c3
2017-05-15 00:28:21 DEBUG ArrayConverter:140 - Converting 'Long[]' value '[Ljava.lang.Long;@424ac0c3' to type 'Long[]'
2017-05-15 00:28:21 DEBUG ArrayConverter:162 -     No conversion required, value is already a Long[]
2017-05-15 00:28:21 DEBUG ArrayConverter:353 - Setting default value: [Ljava.lang.Short;@6fc89f80
2017-05-15 00:28:21 DEBUG ArrayConverter:140 - Converting 'Short[]' value '[Ljava.lang.Short;@6fc89f80' to type 'Short[]'
2017-05-15 00:28:21 DEBUG ArrayConverter:162 -     No conversion required, value is already a Short[]
2017-05-15 00:28:21 DEBUG ArrayConverter:353 - Setting default value: [Ljava.lang.String;@7d4bb309
2017-05-15 00:28:21 DEBUG ArrayConverter:140 - Converting 'String[]' value '[Ljava.lang.String;@7d4bb309' to type 'String[]'
2017-05-15 00:28:21 DEBUG ArrayConverter:162 -     No conversion required, value is already a String[]
2017-05-15 00:28:21 DEBUG ArrayConverter:353 - Setting default value: [Ljava.lang.Class;@17d5cb09
2017-05-15 00:28:21 DEBUG ArrayConverter:140 - Converting 'Class[]' value '[Ljava.lang.Class;@17d5cb09' to type 'Class[]'
2017-05-15 00:28:21 DEBUG ArrayConverter:162 -     No conversion required, value is already a Class[]
2017-05-15 00:28:21 DEBUG ArrayConverter:353 - Setting default value: [Ljava.util.Date;@3c4a72ec
2017-05-15 00:28:21 DEBUG ArrayConverter:140 - Converting 'Date[]' value '[Ljava.util.Date;@3c4a72ec' to type 'Date[]'
2017-05-15 00:28:21 DEBUG ArrayConverter:162 -     No conversion required, value is already a Date[]
2017-05-15 00:28:21 DEBUG ArrayConverter:353 - Setting default value: [Ljava.util.Calendar;@6c0bac12
2017-05-15 00:28:21 DEBUG ArrayConverter:140 - Converting 'Calendar[]' value '[Ljava.util.Calendar;@6c0bac12' to type 'Calendar[]'
2017-05-15 00:28:21 DEBUG ArrayConverter:162 -     No conversion required, value is already a Calendar[]
2017-05-15 00:28:21 DEBUG ArrayConverter:353 - Setting default value: [Ljava.io.File;@3a0d6a50
2017-05-15 00:28:21 DEBUG ArrayConverter:140 - Converting 'java.io.File[]' value '[Ljava.io.File;@3a0d6a50' to type 'java.io.File[]'
2017-05-15 00:28:21 DEBUG ArrayConverter:162 -     No conversion required, value is already a java.io.File[]
2017-05-15 00:28:21 DEBUG ArrayConverter:353 - Setting default value: [Ljava.sql.Date;@3cc4ae7
2017-05-15 00:28:21 DEBUG ArrayConverter:140 - Converting 'java.sql.Date[]' value '[Ljava.sql.Date;@3cc4ae7' to type 'java.sql.Date[]'
2017-05-15 00:28:21 DEBUG ArrayConverter:162 -     No conversion required, value is already a java.sql.Date[]
2017-05-15 00:28:21 DEBUG ArrayConverter:353 - Setting default value: [Ljava.sql.Time;@7aad4a2e
2017-05-15 00:28:21 DEBUG ArrayConverter:140 - Converting 'java.sql.Time[]' value '[Ljava.sql.Time;@7aad4a2e' to type 'java.sql.Time[]'
2017-05-15 00:28:21 DEBUG ArrayConverter:162 -     No conversion required, value is already a java.sql.Time[]
2017-05-15 00:28:21 DEBUG ArrayConverter:353 - Setting default value: [Ljava.sql.Timestamp;@199f3aba
2017-05-15 00:28:21 DEBUG ArrayConverter:140 - Converting 'java.sql.Timestamp[]' value '[Ljava.sql.Timestamp;@199f3aba' to type 'java.sql.Timestamp[]'
2017-05-15 00:28:21 DEBUG ArrayConverter:162 -     No conversion required, value is already a java.sql.Timestamp[]
2017-05-15 00:28:21 DEBUG ArrayConverter:353 - Setting default value: [Ljava.net.URL;@3db3f42c
2017-05-15 00:28:21 DEBUG ArrayConverter:140 - Converting 'java.net.URL[]' value '[Ljava.net.URL;@3db3f42c' to type 'java.net.URL[]'
2017-05-15 00:28:21 DEBUG ArrayConverter:162 -     No conversion required, value is already a java.net.URL[]
2017-05-15 00:28:21 DEBUG DeduplicableRegistry:84 - Added object net.sf.jasperreports.engine.fill.JRTemplateRectangle@2715f92b
2017-05-15 00:28:21 DEBUG DeduplicableRegistry:84 - Added object net.sf.jasperreports.engine.fill.JRTemplateRectangle@2884d49d
2017-05-15 00:28:21 DEBUG DeduplicableRegistry:84 - Added object net.sf.jasperreports.engine.fill.JRTemplateText@5ac1687d
2017-05-15 00:28:21 DEBUG DeduplicableRegistry:91 - Found existing instance net.sf.jasperreports.engine.fill.JRTemplateText@5ac1687d for object net.sf.jasperreports.engine.fill.JRTemplateText@52151eaf
2017-05-15 00:28:21 DEBUG DeduplicableRegistry:91 - Found existing instance net.sf.jasperreports.engine.fill.JRTemplateText@5ac1687d for object net.sf.jasperreports.engine.fill.JRTemplateText@5040f64
2017-05-15 00:28:21 DEBUG DeduplicableRegistry:91 - Found existing instance net.sf.jasperreports.engine.fill.JRTemplateText@5ac1687d for object net.sf.jasperreports.engine.fill.JRTemplateText@b2a1365
2017-05-15 00:28:21 DEBUG DeduplicableRegistry:84 - Added object net.sf.jasperreports.engine.fill.JRTemplateText@5af910fd
2017-05-15 00:28:21 DEBUG JRFillTextField:470 - created net.sf.jasperreports.engine.fill.JRTemplateText@5af910fd for (null, null)
2017-05-15 00:28:21 DEBUG DeduplicableRegistry:91 - Found existing instance net.sf.jasperreports.engine.fill.JRTemplateText@5af910fd for object net.sf.jasperreports.engine.fill.JRTemplateText@20e39d6b
2017-05-15 00:28:21 DEBUG JRFillTextField:470 - created net.sf.jasperreports.engine.fill.JRTemplateText@5af910fd for (null, null)
2017-05-15 00:28:21 DEBUG DeduplicableRegistry:91 - Found existing instance net.sf.jasperreports.engine.fill.JRTemplateText@5af910fd for object net.sf.jasperreports.engine.fill.JRTemplateText@5b9d93c
2017-05-15 00:28:21 DEBUG JRFillTextField:470 - created net.sf.jasperreports.engine.fill.JRTemplateText@5af910fd for (null, null)
2017-05-15 00:28:21 DEBUG DeduplicableRegistry:91 - Found existing instance net.sf.jasperreports.engine.fill.JRTemplateText@5af910fd for object net.sf.jasperreports.engine.fill.JRTemplateText@5e5343d5
2017-05-15 00:28:21 DEBUG JRFillTextField:470 - created net.sf.jasperreports.engine.fill.JRTemplateText@5af910fd for (null, null)
2017-05-15 00:28:22 DEBUG VerticalFillList:118 - List has overflowed
2017-05-15 00:28:22 DEBUG DelayedFillActions:227 - 1 running delayed actions on {type: BAND, group: null, band: 1283681351}
2017-05-15 00:28:22 DEBUG JRVerticalFiller:986 - Fill 1: page footer at 801
2017-05-15 00:28:22 DEBUG DeduplicableRegistry:84 - Added object net.sf.jasperreports.engine.fill.JRTemplateText@1435f46c
2017-05-15 00:28:22 DEBUG JRFillTextField:470 - created net.sf.jasperreports.engine.fill.JRTemplateText@1435f46c for (null, null)
2017-05-15 00:28:22 DEBUG DeduplicableRegistry:84 - Added object net.sf.jasperreports.engine.fill.JRTemplateText@4207a60c
2017-05-15 00:28:22 DEBUG JRFillTextField:470 - created net.sf.jasperreports.engine.fill.JRTemplateText@4207a60c for (null, null)
2017-05-15 00:28:22 DEBUG BaseReportFiller:762 - Adding evaluation of net.sf.jasperreports.engine.fill.JRTemplatePrintText@72f881f4 by net.sf.jasperreports.engine.fill.JRFillTextField@db07e61 for evaluation {type: REPORT, group: null, band: 0}
2017-05-15 00:28:22 DEBUG DelayedFillActions:185 - 1 adding delayed action delayed evaluation {element: net.sf.jasperreports.engine.fill.JRFillTextField@db07e61, printElement: net.sf.jasperreports.engine.fill.JRTemplatePrintText@72f881f4} at {type: REPORT, group: null, band: 0}, key page net.sf.jasperreports.engine.base.JRBasePrintPage@6815022b, index 0
2017-05-15 00:28:22 DEBUG DelayedFillActions:227 - 1 running delayed actions on {type: BAND, group: null, band: 1739208877}
2017-05-15 00:28:22 DEBUG DelayedFillActions:227 - 1 running delayed actions on {type: COLUMN, group: null, band: 0}
2017-05-15 00:28:22 DEBUG DelayedFillActions:227 - 1 running delayed actions on {type: PAGE, group: null, band: 0}
2017-05-15 00:28:22 DEBUG JRBaseFiller:1234 - Fill 1: adding page 2
2017-05-15 00:28:22 DEBUG JRVerticalFiller:373 - Fill 1: page header at 20
2017-05-15 00:28:22 DEBUG DelayedFillActions:227 - 1 running delayed actions on {type: BAND, group: null, band: 126209564}
2017-05-15 00:28:22 DEBUG JRVerticalFiller:455 - Fill 1: column header at 23
2017-05-15 00:28:22 DEBUG DelayedFillActions:227 - 1 running delayed actions on {type: BAND, group: null, band: 544029181}
2017-05-15 00:28:22 DEBUG VerticalFillList:78 - Continuing list after overflow
2017-05-15 00:28:22 DEBUG VerticalFillList:118 - List has overflowed
2017-05-15 00:28:22 DEBUG DelayedFillActions:227 - 1 running delayed actions on {type: BAND, group: null, band: 1283681351}
2017-05-15 00:28:22 DEBUG JRVerticalFiller:986 - Fill 1: page footer at 801
2017-05-15 00:28:22 DEBUG BaseReportFiller:762 - Adding evaluation of net.sf.jasperreports.engine.fill.JRTemplatePrintText@59ba8082 by net.sf.jasperreports.engine.fill.JRFillTextField@db07e61 for evaluation {type: REPORT, group: null, band: 0}
2017-05-15 00:28:22 DEBUG DelayedFillActions:185 - 1 adding delayed action delayed evaluation {element: net.sf.jasperreports.engine.fill.JRFillTextField@db07e61, printElement: net.sf.jasperreports.engine.fill.JRTemplatePrintText@59ba8082} at {type: REPORT, group: null, band: 0}, key page net.sf.jasperreports.engine.base.JRBasePrintPage@2ed6e19c, index 1
2017-05-15 00:28:22 DEBUG DelayedFillActions:227 - 1 running delayed actions on {type: BAND, group: null, band: 1739208877}
2017-05-15 00:28:22 DEBUG DelayedFillActions:227 - 1 running delayed actions on {type: COLUMN, group: null, band: 0}
2017-05-15 00:28:22 DEBUG DelayedFillActions:227 - 1 running delayed actions on {type: PAGE, group: null, band: 0}
2017-05-15 00:28:22 DEBUG JRBaseFiller:1234 - Fill 1: adding page 3
2017-05-15 00:28:22 DEBUG JRVerticalFiller:373 - Fill 1: page header at 20
2017-05-15 00:28:22 DEBUG DelayedFillActions:227 - 1 running delayed actions on {type: BAND, group: null, band: 126209564}
2017-05-15 00:28:22 DEBUG JRVerticalFiller:455 - Fill 1: column header at 23
2017-05-15 00:28:22 DEBUG DelayedFillActions:227 - 1 running delayed actions on {type: BAND, group: null, band: 544029181}
2017-05-15 00:28:22 DEBUG VerticalFillList:78 - Continuing list after overflow
2017-05-15 00:28:22 DEBUG VerticalFillList:118 - List has overflowed
2017-05-15 00:28:22 DEBUG DelayedFillActions:227 - 1 running delayed actions on {type: BAND, group: null, band: 1283681351}
2017-05-15 00:28:22 DEBUG JRVerticalFiller:986 - Fill 1: page footer at 801
2017-05-15 00:28:22 DEBUG BaseReportFiller:762 - Adding evaluation of net.sf.jasperreports.engine.fill.JRTemplatePrintText@6f80ab26 by net.sf.jasperreports.engine.fill.JRFillTextField@db07e61 for evaluation {type: REPORT, group: null, band: 0}
2017-05-15 00:28:22 DEBUG DelayedFillActions:185 - 1 adding delayed action delayed evaluation {element: net.sf.jasperreports.engine.fill.JRFillTextField@db07e61, printElement: net.sf.jasperreports.engine.fill.JRTemplatePrintText@6f80ab26} at {type: REPORT, group: null, band: 0}, key page net.sf.jasperreports.engine.base.JRBasePrintPage@30b9624f, index 2
2017-05-15 00:28:22 DEBUG DelayedFillActions:227 - 1 running delayed actions on {type: BAND, group: null, band: 1739208877}
2017-05-15 00:28:22 DEBUG DelayedFillActions:227 - 1 running delayed actions on {type: COLUMN, group: null, band: 0}
2017-05-15 00:28:22 DEBUG DelayedFillActions:227 - 1 running delayed actions on {type: PAGE, group: null, band: 0}
2017-05-15 00:28:22 DEBUG JRBaseFiller:1234 - Fill 1: adding page 4
2017-05-15 00:28:22 DEBUG JRVerticalFiller:373 - Fill 1: page header at 20
2017-05-15 00:28:22 DEBUG DelayedFillActions:227 - 1 running delayed actions on {type: BAND, group: null, band: 126209564}
2017-05-15 00:28:22 DEBUG JRVerticalFiller:455 - Fill 1: column header at 23
2017-05-15 00:28:22 DEBUG DelayedFillActions:227 - 1 running delayed actions on {type: BAND, group: null, band: 544029181}
2017-05-15 00:28:22 DEBUG VerticalFillList:78 - Continuing list after overflow
2017-05-15 00:28:22 DEBUG VerticalFillList:118 - List has overflowed
2017-05-15 00:28:22 DEBUG DelayedFillActions:227 - 1 running delayed actions on {type: BAND, group: null, band: 1283681351}
2017-05-15 00:28:22 DEBUG JRVerticalFiller:986 - Fill 1: page footer at 801
2017-05-15 00:28:22 DEBUG BaseReportFiller:762 - Adding evaluation of net.sf.jasperreports.engine.fill.JRTemplatePrintText@3d8a5a4a by net.sf.jasperreports.engine.fill.JRFillTextField@db07e61 for evaluation {type: REPORT, group: null, band: 0}
2017-05-15 00:28:22 DEBUG DelayedFillActions:185 - 1 adding delayed action delayed evaluation {element: net.sf.jasperreports.engine.fill.JRFillTextField@db07e61, printElement: net.sf.jasperreports.engine.fill.JRTemplatePrintText@3d8a5a4a} at {type: REPORT, group: null, band: 0}, key page net.sf.jasperreports.engine.base.JRBasePrintPage@24498666, index 3
2017-05-15 00:28:22 DEBUG DelayedFillActions:227 - 1 running delayed actions on {type: BAND, group: null, band: 1739208877}
2017-05-15 00:28:22 DEBUG DelayedFillActions:227 - 1 running delayed actions on {type: COLUMN, group: null, band: 0}
2017-05-15 00:28:22 DEBUG DelayedFillActions:227 - 1 running delayed actions on {type: PAGE, group: null, band: 0}
2017-05-15 00:28:22 DEBUG JRBaseFiller:1234 - Fill 1: adding page 5
2017-05-15 00:28:22 DEBUG JRVerticalFiller:373 - Fill 1: page header at 20
2017-05-15 00:28:22 DEBUG DelayedFillActions:227 - 1 running delayed actions on {type: BAND, group: null, band: 126209564}
2017-05-15 00:28:22 DEBUG JRVerticalFiller:455 - Fill 1: column header at 23
2017-05-15 00:28:22 DEBUG DelayedFillActions:227 - 1 running delayed actions on {type: BAND, group: null, band: 544029181}
2017-05-15 00:28:22 DEBUG VerticalFillList:78 - Continuing list after overflow
2017-05-15 00:28:22 DEBUG VerticalFillList:118 - List has overflowed
2017-05-15 00:28:22 DEBUG DelayedFillActions:227 - 1 running delayed actions on {type: BAND, group: null, band: 1283681351}
2017-05-15 00:28:22 DEBUG JRVerticalFiller:986 - Fill 1: page footer at 801
2017-05-15 00:28:22 DEBUG BaseReportFiller:762 - Adding evaluation of net.sf.jasperreports.engine.fill.JRTemplatePrintText@4e7ac052 by net.sf.jasperreports.engine.fill.JRFillTextField@db07e61 for evaluation {type: REPORT, group: null, band: 0}
2017-05-15 00:28:22 DEBUG DelayedFillActions:185 - 1 adding delayed action delayed evaluation {element: net.sf.jasperreports.engine.fill.JRFillTextField@db07e61, printElement: net.sf.jasperreports.engine.fill.JRTemplatePrintText@4e7ac052} at {type: REPORT, group: null, band: 0}, key page net.sf.jasperreports.engine.base.JRBasePrintPage@35aa68c8, index 4
2017-05-15 00:28:22 DEBUG DelayedFillActions:227 - 1 running delayed actions on {type: BAND, group: null, band: 1739208877}
2017-05-15 00:28:22 DEBUG DelayedFillActions:227 - 1 running delayed actions on {type: COLUMN, group: null, band: 0}
2017-05-15 00:28:22 DEBUG DelayedFillActions:227 - 1 running delayed actions on {type: PAGE, group: null, band: 0}
2017-05-15 00:28:22 DEBUG JRBaseFiller:1234 - Fill 1: adding page 6
2017-05-15 00:28:22 DEBUG JRVerticalFiller:373 - Fill 1: page header at 20
2017-05-15 00:28:22 DEBUG DelayedFillActions:227 - 1 running delayed actions on {type: BAND, group: null, band: 126209564}
2017-05-15 00:28:22 DEBUG JRVerticalFiller:455 - Fill 1: column header at 23
2017-05-15 00:28:22 DEBUG DelayedFillActions:227 - 1 running delayed actions on {type: BAND, group: null, band: 544029181}
2017-05-15 00:28:22 DEBUG VerticalFillList:78 - Continuing list after overflow
2017-05-15 00:28:22 DEBUG VerticalFillList:118 - List has overflowed
2017-05-15 00:28:22 DEBUG DelayedFillActions:227 - 1 running delayed actions on {type: BAND, group: null, band: 1283681351}
2017-05-15 00:28:22 DEBUG JRVerticalFiller:986 - Fill 1: page footer at 801
2017-05-15 00:28:22 DEBUG BaseReportFiller:762 - Adding evaluation of net.sf.jasperreports.engine.fill.JRTemplatePrintText@5a9d2c3d by net.sf.jasperreports.engine.fill.JRFillTextField@db07e61 for evaluation {type: REPORT, group: null, band: 0}
2017-05-15 00:28:22 DEBUG DelayedFillActions:185 - 1 adding delayed action delayed evaluation {element: net.sf.jasperreports.engine.fill.JRFillTextField@db07e61, printElement: net.sf.jasperreports.engine.fill.JRTemplatePrintText@5a9d2c3d} at {type: REPORT, group: null, band: 0}, key page net.sf.jasperreports.engine.base.JRBasePrintPage@328ffbbe, index 5
2017-05-15 00:28:22 DEBUG DelayedFillActions:227 - 1 running delayed actions on {type: BAND, group: null, band: 1739208877}
2017-05-15 00:28:22 DEBUG DelayedFillActions:227 - 1 running delayed actions on {type: COLUMN, group: null, band: 0}
2017-05-15 00:28:22 DEBUG DelayedFillActions:227 - 1 running delayed actions on {type: PAGE, group: null, band: 0}
2017-05-15 00:28:22 DEBUG JRBaseFiller:1234 - Fill 1: adding page 7
2017-05-15 00:28:22 DEBUG JRVerticalFiller:373 - Fill 1: page header at 20
2017-05-15 00:28:22 DEBUG DelayedFillActions:227 - 1 running delayed actions on {type: BAND, group: null, band: 126209564}
2017-05-15 00:28:22 DEBUG JRVerticalFiller:455 - Fill 1: column header at 23
2017-05-15 00:28:22 DEBUG DelayedFillActions:227 - 1 running delayed actions on {type: BAND, group: null, band: 544029181}
2017-05-15 00:28:22 DEBUG VerticalFillList:78 - Continuing list after overflow
2017-05-15 00:28:22 DEBUG VerticalFillList:131 - List has completed rendering
2017-05-15 00:28:22 DEBUG FillDatasetRun:198 - Closing the data source
2017-05-15 00:28:22 DEBUG DelayedFillActions:227 - 1 running delayed actions on {type: BAND, group: null, band: 1491177190}
2017-05-15 00:28:22 DEBUG DelayedFillActions:227 - 1 running delayed actions on {type: BAND, group: null, band: 1283681351}
2017-05-15 00:28:22 DEBUG JRVerticalFiller:986 - Fill 1: page footer at 801
2017-05-15 00:28:22 DEBUG BaseReportFiller:762 - Adding evaluation of net.sf.jasperreports.engine.fill.JRTemplatePrintText@2aefc5ed by net.sf.jasperreports.engine.fill.JRFillTextField@db07e61 for evaluation {type: REPORT, group: null, band: 0}
2017-05-15 00:28:22 DEBUG DelayedFillActions:185 - 1 adding delayed action delayed evaluation {element: net.sf.jasperreports.engine.fill.JRFillTextField@db07e61, printElement: net.sf.jasperreports.engine.fill.JRTemplatePrintText@2aefc5ed} at {type: REPORT, group: null, band: 0}, key page net.sf.jasperreports.engine.base.JRBasePrintPage@4ce51450, index 6
2017-05-15 00:28:22 DEBUG DelayedFillActions:227 - 1 running delayed actions on {type: BAND, group: null, band: 1739208877}
2017-05-15 00:28:22 DEBUG DelayedFillActions:227 - 1 running delayed actions on {type: COLUMN, group: null, band: 0}
2017-05-15 00:28:22 DEBUG DelayedFillActions:227 - 1 running delayed actions on {type: PAGE, group: null, band: 0}
2017-05-15 00:28:22 DEBUG DelayedFillActions:227 - 1 running delayed actions on {type: REPORT, group: null, band: 0}
2017-05-15 00:28:22 DEBUG DelayedFillActions:254 - 1 running actions for page net.sf.jasperreports.engine.base.JRBasePrintPage@6815022b at 0
2017-05-15 00:28:22 DEBUG ElementEvaluationAction:56 - resolving element net.sf.jasperreports.engine.fill.JRTemplatePrintText@72f881f4 by net.sf.jasperreports.engine.fill.JRFillTextField@db07e61 on {type: REPORT, group: null, band: 0}
2017-05-15 00:28:22 DEBUG DelayedFillActions:254 - 1 running actions for page net.sf.jasperreports.engine.base.JRBasePrintPage@2ed6e19c at 1
2017-05-15 00:28:22 DEBUG ElementEvaluationAction:56 - resolving element net.sf.jasperreports.engine.fill.JRTemplatePrintText@59ba8082 by net.sf.jasperreports.engine.fill.JRFillTextField@db07e61 on {type: REPORT, group: null, band: 0}
2017-05-15 00:28:22 DEBUG DelayedFillActions:254 - 1 running actions for page net.sf.jasperreports.engine.base.JRBasePrintPage@30b9624f at 2
2017-05-15 00:28:22 DEBUG ElementEvaluationAction:56 - resolving element net.sf.jasperreports.engine.fill.JRTemplatePrintText@6f80ab26 by net.sf.jasperreports.engine.fill.JRFillTextField@db07e61 on {type: REPORT, group: null, band: 0}
2017-05-15 00:28:22 DEBUG DelayedFillActions:254 - 1 running actions for page net.sf.jasperreports.engine.base.JRBasePrintPage@24498666 at 3
2017-05-15 00:28:22 DEBUG ElementEvaluationAction:56 - resolving element net.sf.jasperreports.engine.fill.JRTemplatePrintText@3d8a5a4a by net.sf.jasperreports.engine.fill.JRFillTextField@db07e61 on {type: REPORT, group: null, band: 0}
2017-05-15 00:28:22 DEBUG DelayedFillActions:254 - 1 running actions for page net.sf.jasperreports.engine.base.JRBasePrintPage@35aa68c8 at 4
2017-05-15 00:28:22 DEBUG ElementEvaluationAction:56 - resolving element net.sf.jasperreports.engine.fill.JRTemplatePrintText@4e7ac052 by net.sf.jasperreports.engine.fill.JRFillTextField@db07e61 on {type: REPORT, group: null, band: 0}
2017-05-15 00:28:22 DEBUG DelayedFillActions:254 - 1 running actions for page net.sf.jasperreports.engine.base.JRBasePrintPage@328ffbbe at 5
2017-05-15 00:28:22 DEBUG ElementEvaluationAction:56 - resolving element net.sf.jasperreports.engine.fill.JRTemplatePrintText@5a9d2c3d by net.sf.jasperreports.engine.fill.JRFillTextField@db07e61 on {type: REPORT, group: null, band: 0}
2017-05-15 00:28:22 DEBUG DelayedFillActions:254 - 1 running actions for page net.sf.jasperreports.engine.base.JRBasePrintPage@4ce51450 at 6
2017-05-15 00:28:22 DEBUG ElementEvaluationAction:56 - resolving element net.sf.jasperreports.engine.fill.JRTemplatePrintText@2aefc5ed by net.sf.jasperreports.engine.fill.JRFillTextField@db07e61 on {type: REPORT, group: null, band: 0}
2017-05-15 00:28:22 DEBUG DelayedFillActions:227 - 1 running delayed actions on {type: MASTER, group: null, band: 0}
2017-05-15 00:28:22 DEBUG JRBaseFiller:600 - Fill 1: ended
